This is pdfTeX, Version 3.141592653-2.6-1.40.22 (MiKTeX 21.2) (preloaded format=pdflatex 2021.5.16)  20 MAY 2021 08:05
entering extended mode
**./praca.tex
(praca.tex
LaTeX2e <2020-10-01> patch level 4
L3 programming layer <2021-02-18> xparse <2020-03-03>
(C:\Users\admin\AppData\Local\Programs\MiKTeX\tex/latex/base\book.cls
Document Class: book 2020/04/10 v1.4m Standard LaTeX document class
(C:\Users\admin\AppData\Local\Programs\MiKTeX\tex/latex/base\bk12.clo
File: bk12.clo 2020/04/10 v1.4m Standard LaTeX file (size option)
)
\c@part=\count179
\c@chapter=\count180
\c@section=\count181
\c@subsection=\count182
\c@subsubsection=\count183
\c@paragraph=\count184
\c@subparagraph=\count185
\c@figure=\count186
\c@table=\count187
\abovecaptionskip=\skip47
\belowcaptionskip=\skip48
\bibindent=\dimen138
)
(C:\Users\admin\AppData\Local\Programs\MiKTeX\tex/latex/amsfonts\amssymb.sty
Package: amssymb 2013/01/14 v3.01 AMS font symbols

(C:\Users\admin\AppData\Local\Programs\MiKTeX\tex/latex/amsfonts\amsfonts.sty
Package: amsfonts 2013/01/14 v3.01 Basic AMSFonts support
\@emptytoks=\toks15
\symAMSa=\mathgroup4
\symAMSb=\mathgroup5
LaTeX Font Info:    Redeclaring math symbol \hbar on input line 98.
LaTeX Font Info:    Overwriting math alphabet `\mathfrak' in version `bold'
(Font)                  U/euf/m/n --> U/euf/b/n on input line 106.
)) (C:\Users\admin\AppData\Local\Programs\MiKTeX\tex/latex/amsmath\amsmath.sty
Package: amsmath 2020/09/23 v2.17i AMS math features
\@mathmargin=\skip49

For additional information on amsmath, use the `?' option.
(C:\Users\admin\AppData\Local\Programs\MiKTeX\tex/latex/amsmath\amstext.sty
Package: amstext 2000/06/29 v2.01 AMS text

(C:\Users\admin\AppData\Local\Programs\MiKTeX\tex/latex/amsmath\amsgen.sty
File: amsgen.sty 1999/11/30 v2.0 generic functions
\@emptytoks=\toks16
\ex@=\dimen139
))
(C:\Users\admin\AppData\Local\Programs\MiKTeX\tex/latex/amsmath\amsbsy.sty
Package: amsbsy 1999/11/29 v1.2d Bold Symbols
\pmbraise@=\dimen140
)
(C:\Users\admin\AppData\Local\Programs\MiKTeX\tex/latex/amsmath\amsopn.sty
Package: amsopn 2016/03/08 v2.02 operator names
)
\inf@bad=\count188
LaTeX Info: Redefining \frac on input line 234.
\uproot@=\count189
\leftroot@=\count190
LaTeX Info: Redefining \overline on input line 399.
\classnum@=\count191
\DOTSCASE@=\count192
LaTeX Info: Redefining \ldots on input line 496.
LaTeX Info: Redefining \dots on input line 499.
LaTeX Info: Redefining \cdots on input line 620.
\Mathstrutbox@=\box47
\strutbox@=\box48
\big@size=\dimen141
LaTeX Font Info:    Redeclaring font encoding OML on input line 743.
LaTeX Font Info:    Redeclaring font encoding OMS on input line 744.
\macc@depth=\count193
\c@MaxMatrixCols=\count194
\dotsspace@=\muskip16
\c@parentequation=\count195
\dspbrk@lvl=\count196
\tag@help=\toks17
\row@=\count197
\column@=\count198
\maxfields@=\count199
\andhelp@=\toks18
\eqnshift@=\dimen142
\alignsep@=\dimen143
\tagshift@=\dimen144
\tagwidth@=\dimen145
\totwidth@=\dimen146
\lineht@=\dimen147
\@envbody=\toks19
\multlinegap=\skip50
\multlinetaggap=\skip51
\mathdisplay@stack=\toks20
LaTeX Info: Redefining \[ on input line 2923.
LaTeX Info: Redefining \] on input line 2924.
)
(C:\Users\admin\AppData\Local\Programs\MiKTeX\tex/latex/base\inputenc.sty
Package: inputenc 2020/08/01 v1.3d Input encoding file
\inpenc@prehook=\toks21
\inpenc@posthook=\toks22
)
(C:\Users\admin\AppData\Local\Programs\MiKTeX\tex/latex/base\fontenc.sty
Package: fontenc 2020/08/10 v2.0s Standard LaTeX package
)
(C:\Users\admin\AppData\Local\Programs\MiKTeX\tex/latex/graphics\graphicx.sty
Package: graphicx 2020/09/09 v1.2b Enhanced LaTeX Graphics (DPC,SPQR)

(C:\Users\admin\AppData\Local\Programs\MiKTeX\tex/latex/graphics\keyval.sty
Package: keyval 2014/10/28 v1.15 key=value parser (DPC)
\KV@toks@=\toks23
)
(C:\Users\admin\AppData\Local\Programs\MiKTeX\tex/latex/graphics\graphics.sty
Package: graphics 2020/08/30 v1.4c Standard LaTeX Graphics (DPC,SPQR)

(C:\Users\admin\AppData\Local\Programs\MiKTeX\tex/latex/graphics\trig.sty
Package: trig 2016/01/03 v1.10 sin cos tan (DPC)
)
(C:\Users\admin\AppData\Local\Programs\MiKTeX\tex/latex/graphics-cfg\graphics.c
fg
File: graphics.cfg 2016/06/04 v1.11 sample graphics configuration
)
Package graphics Info: Driver file: dvips.def on input line 105.

(C:\Users\admin\AppData\Local\Programs\MiKTeX\tex/latex/graphics-def\dvips.def
File: dvips.def 2017/06/20 v3.1d Graphics/color driver for dvips
))
\Gin@req@height=\dimen148
\Gin@req@width=\dimen149
)
(C:\Users\admin\AppData\Local\Programs\MiKTeX\tex/latex/latex-tools\indentfirst
.sty
Package: indentfirst 1995/11/23 v1.03 Indent first paragraph (DPC)
)
(C:\Users\admin\AppData\Local\Programs\MiKTeX\tex/latex/mathtools\mathtools.sty
Package: mathtools 2021/04/12 v1.27 mathematical typesetting tools
(C:\Users\admin\AppData\Local\Programs\MiKTeX\tex/latex/latex-tools\calc.sty
Package: calc 2017/05/25 v4.3 Infix arithmetic (KKT,FJ)
\calc@Acount=\count266
\calc@Bcount=\count267
\calc@Adimen=\dimen150
\calc@Bdimen=\dimen151
\calc@Askip=\skip52
\calc@Bskip=\skip53
LaTeX Info: Redefining \setlength on input line 80.
LaTeX Info: Redefining \addtolength on input line 81.
\calc@Ccount=\count268
\calc@Cskip=\skip54
)
(C:\Users\admin\AppData\Local\Programs\MiKTeX\tex/latex/mathtools\mhsetup.sty
Package: mhsetup 2021/03/18 v1.4 programming setup (MH)
)
LaTeX Info: Thecontrolsequence`\('isalreadyrobust on input line 130.
LaTeX Info: Thecontrolsequence`\)'isalreadyrobust on input line 130.
LaTeX Info: Thecontrolsequence`\['isalreadyrobust on input line 130.
LaTeX Info: Thecontrolsequence`\]'isalreadyrobust on input line 130.
\g_MT_multlinerow_int=\count269
\l_MT_multwidth_dim=\dimen152
\origjot=\skip55
\l_MT_shortvdotswithinadjustabove_dim=\dimen153
\l_MT_shortvdotswithinadjustbelow_dim=\dimen154
\l_MT_above_intertext_sep=\dimen155
\l_MT_below_intertext_sep=\dimen156
\l_MT_above_shortintertext_sep=\dimen157
\l_MT_below_shortintertext_sep=\dimen158
\xmathstrut@box=\box49
\xmathstrut@dim=\dimen159
) (C:\Users\admin\AppData\Local\Programs\MiKTeX\tex/latex/enumitem\enumitem.sty
Package: enumitem 2019/06/20 v3.9 Customized lists
\labelindent=\skip56
\enit@outerparindent=\dimen160
\enit@toks=\toks24
\enit@inbox=\box50
\enit@count@id=\count270
\enitdp@description=\count271
) (C:\Users\admin\AppData\Local\Programs\MiKTeX\tex/latex/titlesec\titlesec.sty
Package: titlesec 2019/10/16 v2.13 Sectioning titles
\ttl@box=\box51
\beforetitleunit=\skip57
\aftertitleunit=\skip58
\ttl@plus=\dimen161
\ttl@minus=\dimen162
\ttl@toksa=\toks25
\titlewidth=\dimen163
\titlewidthlast=\dimen164
\titlewidthfirst=\dimen165
) (C:\Users\admin\AppData\Local\Programs\MiKTeX\tex/latex/paralist\paralist.sty
Package: paralist 2017/01/22 v2.7 Extended list environments
\pltopsep=\skip59
\plpartopsep=\skip60
\plitemsep=\skip61
\plparsep=\skip62
\pl@lab=\toks26
) (C:\Users\admin\AppData\Local\Programs\MiKTeX\tex/latex/comment\comment.sty
\CommentStream=\write3

Excluding comment 'comment')
(C:\Users\admin\AppData\Local\Programs\MiKTeX\tex/latex/bigints\bigints.sty
Package: bigints 2010/02/15 Writing big integrals
Package bigints Info: This is Bigints by Merciadri Luca. on input line 5.
)
(C:\Users\admin\AppData\Local\Programs\MiKTeX\tex/latex/accents\accents.sty
Package: accents 2006/05/12 v1.4 Math Accent Tools
\cc@skew=\dimen166
\cc@wd=\dimen167
\cc@code=\count272
\cc@group=\count273
\cc@skewchar=\count274
)
(C:\Users\admin\AppData\Local\Programs\MiKTeX\tex/latex/amscls\amsthm.sty
Package: amsthm 2020/05/29 v2.20.6
\thm@style=\toks27
\thm@bodyfont=\toks28
\thm@headfont=\toks29
\thm@notefont=\toks30
\thm@headpunct=\toks31
\thm@preskip=\skip63
\thm@postskip=\skip64
\thm@headsep=\skip65
\dth@everypar=\toks32
)
(C:\Users\admin\AppData\Local\Programs\MiKTeX\tex/latex/float\float.sty
Package: float 2001/11/08 v1.3d Float enhancements (AL)
\c@float@type=\count275
\float@exts=\toks33
\float@box=\box52
\@float@everytoks=\toks34
\@floatcapt=\box53
)
\@float@every@table=\toks35

(C:\Users\admin\AppData\Local\Programs\MiKTeX\tex/latex/pdfpages\pdfpages.sty
Package: pdfpages 2021/03/06 v0.5t Insert pages of external PDF documents (AM)

(C:\Users\admin\AppData\Local\Programs\MiKTeX\tex/latex/base\ifthen.sty
Package: ifthen 2014/09/29 v1.1c Standard LaTeX ifthen package (DPC)
)
(C:\Users\admin\AppData\Local\Programs\MiKTeX\tex/latex/eso-pic\eso-pic.sty
Package: eso-pic 2020/10/14 v3.0a eso-pic (RN)
\ESO@tempdima=\dimen168
\ESO@tempdimb=\dimen169

(C:\Users\admin\AppData\Local\Programs\MiKTeX\tex/latex/xcolor\xcolor.sty
Package: xcolor 2016/05/11 v2.12 LaTeX color extensions (UK)

(C:\Users\admin\AppData\Local\Programs\MiKTeX\tex/latex/graphics-cfg\color.cfg
File: color.cfg 2016/01/02 v1.6 sample color configuration
)
Package xcolor Info: Driver file: pdftex.def on input line 225.

(C:\Users\admin\AppData\Local\Programs\MiKTeX\tex/latex/graphics-def\pdftex.def
File: pdftex.def 2020/10/05 v1.2a Graphics/color driver for pdftex
)
Package xcolor Info: Model `cmy' substituted by `cmy0' on input line 1348.
Package xcolor Info: Model `RGB' extended on input line 1364.
Package xcolor Info: Model `HTML' substituted by `rgb' on input line 1366.
Package xcolor Info: Model `Hsb' substituted by `hsb' on input line 1367.
Package xcolor Info: Model `tHsb' substituted by `hsb' on input line 1368.
Package xcolor Info: Model `HSB' substituted by `hsb' on input line 1369.
Package xcolor Info: Model `Gray' substituted by `gray' on input line 1370.
Package xcolor Info: Model `wave' substituted by `hsb' on input line 1371.
))
\AM@pagewidth=\dimen170
\AM@pageheight=\dimen171
\AM@fboxrule=\dimen172

(C:\Users\admin\AppData\Local\Programs\MiKTeX\tex/latex/pdfpages\pppdftex.def
File: pppdftex.def 2021/03/06 v0.5t Pdfpages driver for pdfTeX (AM)
)
\pdfpages@includegraphics@status=\count276
\AM@pagebox=\box54
\AM@global@opts=\toks36
\AM@pagecnt=\count277
\AM@toc@title=\toks37
\c@AM@survey=\count278
\AM@templatesizebox=\box55
) (C:\Users\admin\AppData\Local\Programs\MiKTeX\tex/latex/xpatch\xpatch.sty
(C:\Users\admin\AppData\Local\Programs\MiKTeX\tex/latex/l3kernel\expl3.sty
Package: expl3 2021-02-18 L3 programming layer (loader) 

(C:\Users\admin\AppData\Local\Programs\MiKTeX\tex/latex/l3backend\l3backend-pdf
tex.def
File: l3backend-pdftex.def 2021-02-18 L3 backend support: PDF output (pdfTeX)
\l__color_backend_stack_int=\count279
\l__pdf_internal_box=\box56
))
Package: xpatch 2020/03/25 v0.3a Extending etoolbox patching commands

(C:\Users\admin\AppData\Local\Programs\MiKTeX\tex/latex/l3packages/xparse\xpars
e.sty
Package: xparse 2020-10-27 L3 Experimental document command parser

(C:\Users\admin\AppData\Local\Programs\MiKTeX\tex/latex/l3packages/xparse\xpars
e-generic.tex))
(C:\Users\admin\AppData\Local\Programs\MiKTeX\tex/latex/etoolbox\etoolbox.sty
Package: etoolbox 2020/10/05 v2.5k e-TeX tools for LaTeX (JAW)
\etb@tempcnta=\count280
)) (C:\Users\admin\AppData\Local\Programs\MiKTeX\tex/latex/geometry\geometry.st
y
Package: geometry 2020/01/02 v5.9 Page Geometry

(C:\Users\admin\AppData\Local\Programs\MiKTeX\tex/generic/iftex\ifvtex.sty
Package: ifvtex 2019/10/25 v1.7 ifvtex legacy package. Use iftex instead.

(C:\Users\admin\AppData\Local\Programs\MiKTeX\tex/generic/iftex\iftex.sty
Package: iftex 2020/03/06 v1.0d TeX engine tests
))
\Gm@cnth=\count281
\Gm@cntv=\count282
\c@Gm@tempcnt=\count283
\Gm@bindingoffset=\dimen173
\Gm@wd@mp=\dimen174
\Gm@odd@mp=\dimen175
\Gm@even@mp=\dimen176
\Gm@layoutwidth=\dimen177
\Gm@layoutheight=\dimen178
\Gm@layouthoffset=\dimen179
\Gm@layoutvoffset=\dimen180
\Gm@dimlist=\toks38

(C:\Users\admin\AppData\Local\Programs\MiKTeX\tex/latex/geometry\geometry.cfg))
*geometry* verbose mode - [ newgeometry ] result:
* driver: 
* paper: a4paper
* layout: <same size as paper>
* layoutoffset:(h,v)=(0.0pt,0.0pt)
* modes: twoside 
* h-part:(L,W,R)=(85.35826pt, 441.01773pt, 71.13188pt)
* v-part:(T,H,B)=(71.13188pt, 702.78308pt, 71.13188pt)
* \paperwidth=597.50787pt
* \paperheight=845.04684pt
* \textwidth=441.01773pt
* \textheight=702.78308pt
* \oddsidemargin=13.08827pt
* \evensidemargin=-1.1381pt
* \topmargin=-33.0119pt
* \headheight=12.0pt
* \headsep=19.8738pt
* \topskip=12.0pt
* \footskip=30.0pt
* \marginparwidth=88.0pt
* \marginparsep=7.0pt
* \columnsep=10.0pt
* \skip\footins=10.8pt plus 4.0pt minus 2.0pt
* \hoffset=0.0pt
* \voffset=0.0pt
* \mag=1000
* \@twocolumnfalse
* \@twosidetrue
* \@mparswitchtrue
* \@reversemarginfalse
* (1in=72.27pt=25.4mm, 1cm=28.453pt)

(praca.aux

LaTeX Warning: Label `Fig:PROGAN' multiply defined.


LaTeX Warning: Label `Fig:PROGAN' multiply defined.


LaTeX Warning: Label `Fig:PROGAN' multiply defined.


LaTeX Warning: Label `Fig:PROGAN' multiply defined.


LaTeX Warning: Label `Fig:STYLEGAN' multiply defined.


LaTeX Warning: Label `Fig:STYLEGAN' multiply defined.


LaTeX Warning: Label `Fig:STYLEGAN' multiply defined.


LaTeX Warning: Label `Fig:STYLEGAN' multiply defined.


LaTeX Warning: Label `Fig:STYLEGAN' multiply defined.


LaTeX Warning: Label `Fig:STYLEGAN' multiply defined.


LaTeX Warning: Label `Fig:STYLEGAN' multiply defined.


LaTeX Warning: Label `Fig:STYLEGAN' multiply defined.


LaTeX Warning: Label `Fig:STYLEGAN' multiply defined.


LaTeX Warning: Label `Fig:STYLEGAN' multiply defined.


LaTeX Warning: Label `Fig:STYLEGAN' multiply defined.

)
\openout1 = `praca.aux'.

LaTeX Font Info:    Checking defaults for OML/cmm/m/it on input line 68.
LaTeX Font Info:    ... okay on input line 68.
LaTeX Font Info:    Checking defaults for OMS/cmsy/m/n on input line 68.
LaTeX Font Info:    ... okay on input line 68.
LaTeX Font Info:    Checking defaults for OT1/cmr/m/n on input line 68.
LaTeX Font Info:    ... okay on input line 68.
LaTeX Font Info:    Checking defaults for T1/cmr/m/n on input line 68.
LaTeX Font Info:    ... okay on input line 68.
LaTeX Font Info:    Checking defaults for TS1/cmr/m/n on input line 68.
LaTeX Font Info:    ... okay on input line 68.
LaTeX Font Info:    Checking defaults for OMX/cmex/m/n on input line 68.
LaTeX Font Info:    ... okay on input line 68.
LaTeX Font Info:    Checking defaults for U/cmr/m/n on input line 68.
LaTeX Font Info:    ... okay on input line 68.

(C:\Users\admin\AppData\Local\Programs\MiKTeX\tex/context/base/mkii\supp-pdf.mk
ii
[Loading MPS to PDF converter (version 2006.09.02).]
\scratchcounter=\count284
\scratchdimen=\dimen181
\scratchbox=\box57
\nofMPsegments=\count285
\nofMParguments=\count286
\everyMPshowfont=\toks39
\MPscratchCnt=\count287
\MPscratchDim=\dimen182
\MPnumerator=\count288
\makeMPintoPDFobject=\count289
\everyMPtoPDFconversion=\toks40
)
(C:\Users\admin\AppData\Local\Programs\MiKTeX\tex/latex/epstopdf-pkg\epstopdf-b
ase.sty
Package: epstopdf-base 2020-01-24 v2.11 Base part for package epstopdf
Package epstopdf-base Info: Redefining graphics rule for `.eps' on input line 4
85.
)
(C:\Users\admin\AppData\Local\Programs\MiKTeX\tex/latex/pdflscape\pdflscape.sty
Package: pdflscape 2019/12/05 v0.12 Display of landscape pages in PDF (HO)
(C:\Users\admin\AppData\Local\Programs\MiKTeX\tex/latex/graphics\lscape.sty
Package: lscape 2020/05/28 v3.02 Landscape Pages (DPC)
)
Package pdflscape Info: Auto-detected driver: pdftex on input line 81.
)
*geometry* driver: auto-detecting
*geometry* detected driver: pdftex
*geometry* verbose mode - [ preamble ] result:
* driver: pdftex
* paper: a4paper
* layout: <same size as paper>
* layoutoffset:(h,v)=(0.0pt,0.0pt)
* modes: twoside 
* h-part:(L,W,R)=(85.35826pt, 441.01773pt, 71.13188pt)
* v-part:(T,H,B)=(71.13188pt, 702.78308pt, 71.13188pt)
* \paperwidth=597.50787pt
* \paperheight=845.04684pt
* \textwidth=441.01773pt
* \textheight=702.78308pt
* \oddsidemargin=13.08827pt
* \evensidemargin=-1.1381pt
* \topmargin=-33.0119pt
* \headheight=12.0pt
* \headsep=19.8738pt
* \topskip=12.0pt
* \footskip=30.0pt
* \marginparwidth=88.0pt
* \marginparsep=7.0pt
* \columnsep=10.0pt
* \skip\footins=10.8pt plus 4.0pt minus 2.0pt
* \hoffset=0.0pt
* \voffset=0.0pt
* \mag=1000
* \@twocolumnfalse
* \@twosidetrue
* \@mparswitchtrue
* \@reversemarginfalse
* (1in=72.27pt=25.4mm, 1cm=28.453pt)

[1
Non-PDF special ignored!
<special> papersize=597.50787pt,845.04684pt



{C:/Users/admin/AppData/Local/MiKTeX/pdftex/config/pdftex.map}] (praca.toc
LaTeX Font Info:    Trying to load font information for U+msa on input line 3.

(C:\Users\admin\AppData\Local\Programs\MiKTeX\tex/latex/amsfonts\umsa.fd
File: umsa.fd 2013/01/14 v3.01 AMS symbols A
)
LaTeX Font Info:    Trying to load font information for U+msb on input line 3.

(C:\Users\admin\AppData\Local\Programs\MiKTeX\tex/latex/amsfonts\umsb.fd
File: umsb.fd 2013/01/14 v3.01 AMS symbols B
)
[2

])
\tf@toc=\write4
\openout4 = `praca.toc'.

 [3] [4

]
Chapter 1.
[5

]
Underfull \vbox (badness 10000) has occurred while \output is active []

 [6]
Package epstopdf Info: Source file: <figs/gen-algo.eps>
(epstopdf)                    date: 2021-05-16 18:47:46
(epstopdf)                    size: 1863536 bytes
(epstopdf)             Output file: <figs/gen-algo-eps-converted-to.pdf>
(epstopdf)                    date: 2021-05-16 19:56:02
(epstopdf)                    size: 91459 bytes
(epstopdf)             Command: <epstopdf --outfile=figs/gen-algo-eps-converted
-to.pdf figs/gen-algo.eps>
(epstopdf)             \includegraphics on input line 223.
Package epstopdf Info: Output file is already uptodate.


pdfTeX warning: pdflatex (file ./figs/gen-algo-eps-converted-to.pdf): PDF inclu
sion: found PDF version <1.7>, but at most version <1.5> allowed
<figs/gen-algo-eps-converted-to.pdf, id=40, 1588.93625pt x 577.15625pt>
File: figs/gen-algo-eps-converted-to.pdf Graphic file (type pdf)
<use figs/gen-algo-eps-converted-to.pdf>
Package pdftex.def Info: figs/gen-algo-eps-converted-to.pdf  used on input line
 223.
(pdftex.def)             Requested size: 349.56706pt x 126.97476pt.

Underfull \vbox (badness 5036) has occurred while \output is active []

 [7]
Package epstopdf Info: Source file: <figs/gen-algo-2.eps>
(epstopdf)                    date: 2021-05-16 18:47:48
(epstopdf)                    size: 25424009 bytes
(epstopdf)             Output file: <figs/gen-algo-2-eps-converted-to.pdf>
(epstopdf)                    date: 2021-05-16 19:56:31
(epstopdf)                    size: 765047 bytes
(epstopdf)             Command: <epstopdf --outfile=figs/gen-algo-2-eps-convert
ed-to.pdf figs/gen-algo-2.eps>
(epstopdf)             \includegraphics on input line 250.
Package epstopdf Info: Output file is already uptodate.


pdfTeX warning: pdflatex (file ./figs/gen-algo-2-eps-converted-to.pdf): PDF inc
lusion: found PDF version <1.7>, but at most version <1.5> allowed
<figs/gen-algo-2-eps-converted-to.pdf, id=45, 2478.25874pt x 1699.34875pt>
File: figs/gen-algo-2-eps-converted-to.pdf Graphic file (type pdf)
<use figs/gen-algo-2-eps-converted-to.pdf>
Package pdftex.def Info: figs/gen-algo-2-eps-converted-to.pdf  used on input li
ne 250.
(pdftex.def)             Requested size: 421.29842pt x 288.88547pt.
Package epstopdf Info: Source file: <figs/gen-algo-pseudo.eps>
(epstopdf)                    date: 2021-05-16 19:57:39
(epstopdf)                    size: 1658448 bytes
(epstopdf)             Output file: <figs/gen-algo-pseudo-eps-converted-to.pdf>

(epstopdf)                    date: 2021-05-16 22:22:48
(epstopdf)                    size: 102318 bytes
(epstopdf)             Command: <epstopdf --outfile=figs/gen-algo-pseudo-eps-co
nverted-to.pdf figs/gen-algo-pseudo.eps>
(epstopdf)             \includegraphics on input line 258.
Package epstopdf Info: Output file is already uptodate.


pdfTeX warning: pdflatex (file ./figs/gen-algo-pseudo-eps-converted-to.pdf): PD
F inclusion: found PDF version <1.7>, but at most version <1.5> allowed
<figs/gen-algo-pseudo-eps-converted-to.pdf, id=46, 687.56876pt x 398.48875pt>
File: figs/gen-algo-pseudo-eps-converted-to.pdf Graphic file (type pdf)
<use figs/gen-algo-pseudo-eps-converted-to.pdf>
Package pdftex.def Info: figs/gen-algo-pseudo-eps-converted-to.pdf  used on inp
ut line 258.
(pdftex.def)             Requested size: 275.02263pt x 159.39267pt.

Underfull \vbox (badness 10000) has occurred while \output is active []

 [8 <./figs/gen-algo-eps-converted-to.pdf>]
Package epstopdf Info: Source file: <figs/diff-evo.eps>
(epstopdf)                    date: 2021-05-16 22:20:28
(epstopdf)                    size: 2965534 bytes
(epstopdf)             Output file: <figs/diff-evo-eps-converted-to.pdf>
(epstopdf)                    date: 2021-05-16 22:23:23
(epstopdf)                    size: 149412 bytes
(epstopdf)             Command: <epstopdf --outfile=figs/diff-evo-eps-converted
-to.pdf figs/diff-evo.eps>
(epstopdf)             \includegraphics on input line 274.
Package epstopdf Info: Output file is already uptodate.


pdfTeX warning: pdflatex (file ./figs/diff-evo-eps-converted-to.pdf): PDF inclu
sion: found PDF version <1.7>, but at most version <1.5> allowed
<figs/diff-evo-eps-converted-to.pdf, id=53, 687.56876pt x 713.66624pt>
File: figs/diff-evo-eps-converted-to.pdf Graphic file (type pdf)
<use figs/diff-evo-eps-converted-to.pdf>
Package pdftex.def Info: figs/diff-evo-eps-converted-to.pdf  used on input line
 274.
(pdftex.def)             Requested size: 343.78354pt x 356.83224pt.
[9 <./figs/gen-algo-2-eps-converted-to.pdf> <./figs/gen-algo-pseudo-eps-convert
ed-to.pdf>]
Underfull \vbox (badness 2469) has occurred while \output is active []

 [10 <./figs/diff-evo-eps-converted-to.pdf>]
Overfull \hbox (17.22466pt too wide) in paragraph at lines 306--308
[]\T1/cmr/m/n/12 In bi-no-mial crossover, the trial vec-tor $\OT1/cmr/bx/n/12 u
[] \OT1/cmr/m/n/12 = []$ \T1/cmr/m/n/12 for $\OML/cmm/m/it/12 i \OMS/cmsy/m/n/1
2 2 f\OT1/cmr/m/n/12 1\OML/cmm/m/it/12 ; \OT1/cmr/m/n/12 2\OML/cmm/m/it/12 ; ::
:; N[]\OMS/cmsy/m/n/12 g$
 []

[11] [12]
Chapter 2.
Package epstopdf Info: Source file: <figs/progan-scheme.eps>
(epstopdf)                    date: 2021-05-15 18:07:52
(epstopdf)                    size: 2473915 bytes
(epstopdf)             Output file: <figs/progan-scheme-eps-converted-to.pdf>
(epstopdf)                    date: 2021-05-16 19:53:23
(epstopdf)                    size: 107172 bytes
(epstopdf)             Command: <epstopdf --outfile=figs/progan-scheme-eps-conv
erted-to.pdf figs/progan-scheme.eps>
(epstopdf)             \includegraphics on input line 437.
Package epstopdf Info: Output file is already uptodate.


pdfTeX warning: pdflatex (file ./figs/progan-scheme-eps-converted-to.pdf): PDF 
inclusion: found PDF version <1.7>, but at most version <1.5> allowed
<figs/progan-scheme-eps-converted-to.pdf, id=80, 387.4475pt x 163.61125pt>
File: figs/progan-scheme-eps-converted-to.pdf Graphic file (type pdf)
<use figs/progan-scheme-eps-converted-to.pdf>
Package pdftex.def Info: figs/progan-scheme-eps-converted-to.pdf  used on input
 line 437.
(pdftex.def)             Requested size: 387.44655pt x 163.61084pt.
[13

 <./figs/progan-scheme-eps-converted-to.pdf>]
Package epstopdf Info: Source file: <figs/stylegan-scheme.eps>
(epstopdf)                    date: 2021-05-15 18:16:01
(epstopdf)                    size: 2218412 bytes
(epstopdf)             Output file: <figs/stylegan-scheme-eps-converted-to.pdf>

(epstopdf)                    date: 2021-05-16 19:53:27
(epstopdf)                    size: 121704 bytes
(epstopdf)             Command: <epstopdf --outfile=figs/stylegan-scheme-eps-co
nverted-to.pdf figs/stylegan-scheme.eps>
(epstopdf)             \includegraphics on input line 447.
Package epstopdf Info: Output file is already uptodate.


pdfTeX warning: pdflatex (file ./figs/stylegan-scheme-eps-converted-to.pdf): PD
F inclusion: found PDF version <1.7>, but at most version <1.5> allowed
<figs/stylegan-scheme-eps-converted-to.pdf, id=88, 256.96pt x 221.82875pt>
File: figs/stylegan-scheme-eps-converted-to.pdf Graphic file (type pdf)
<use figs/stylegan-scheme-eps-converted-to.pdf>
Package pdftex.def Info: figs/stylegan-scheme-eps-converted-to.pdf  used on inp
ut line 447.
(pdftex.def)             Requested size: 385.43904pt x 332.74228pt.
[14 <./figs/stylegan-scheme-eps-converted-to.pdf>]
Package epstopdf Info: Source file: <figs/mapping-network.eps>
(epstopdf)                    date: 2021-05-15 18:57:38
(epstopdf)                    size: 2100301 bytes
(epstopdf)             Output file: <figs/mapping-network-eps-converted-to.pdf>

(epstopdf)                    date: 2021-05-16 19:56:35
(epstopdf)                    size: 57830 bytes
(epstopdf)             Command: <epstopdf --outfile=figs/mapping-network-eps-co
nverted-to.pdf figs/mapping-network.eps>
(epstopdf)             \includegraphics on input line 465.
Package epstopdf Info: Output file is already uptodate.


pdfTeX warning: pdflatex (file ./figs/mapping-network-eps-converted-to.pdf): PD
F inclusion: found PDF version <1.7>, but at most version <1.5> allowed
<figs/mapping-network-eps-converted-to.pdf, id=95, 854.19125pt x 406.51875pt>
File: figs/mapping-network-eps-converted-to.pdf Graphic file (type pdf)
<use figs/mapping-network-eps-converted-to.pdf>
Package pdftex.def Info: figs/mapping-network-eps-converted-to.pdf  used on inp
ut line 465.
(pdftex.def)             Requested size: 256.25935pt x 121.95656pt.
Package epstopdf Info: Source file: <figs/adain.eps>
(epstopdf)                    date: 2021-05-15 20:24:05
(epstopdf)                    size: 298727 bytes
(epstopdf)             Output file: <figs/adain-eps-converted-to.pdf>
(epstopdf)                    date: 2021-05-16 19:53:29
(epstopdf)                    size: 11331 bytes
(epstopdf)             Command: <epstopdf --outfile=figs/adain-eps-converted-to
.pdf figs/adain.eps>
(epstopdf)             \includegraphics on input line 484.
Package epstopdf Info: Output file is already uptodate.


pdfTeX warning: pdflatex (file ./figs/adain-eps-converted-to.pdf): PDF inclusio
n: found PDF version <1.7>, but at most version <1.5> allowed
<figs/adain-eps-converted-to.pdf, id=96, 198.7425pt x 38.1425pt>
File: figs/adain-eps-converted-to.pdf Graphic file (type pdf)
<use figs/adain-eps-converted-to.pdf>
Package pdftex.def Info: figs/adain-eps-converted-to.pdf  used on input line 48
4.
(pdftex.def)             Requested size: 238.48979pt x 45.77075pt.
[15 <./figs/mapping-network-eps-converted-to.pdf> <./figs/adain-eps-converted-t
o.pdf>]
Package epstopdf Info: Source file: <figs/adaptive-instance-norm.eps>
(epstopdf)                    date: 2021-05-15 20:24:06
(epstopdf)                    size: 2707872 bytes
(epstopdf)             Output file: <figs/adaptive-instance-norm-eps-converted-
to.pdf>
(epstopdf)                    date: 2021-05-16 19:53:34
(epstopdf)                    size: 253031 bytes
(epstopdf)             Command: <epstopdf --outfile=figs/adaptive-instance-norm
-eps-converted-to.pdf figs/adaptive-instance-norm.eps>
(epstopdf)             \includegraphics on input line 492.
Package epstopdf Info: Output file is already uptodate.


pdfTeX warning: pdflatex (file ./figs/adaptive-instance-norm-eps-converted-to.p
df): PDF inclusion: found PDF version <1.7>, but at most version <1.5> allowed
<figs/adaptive-instance-norm-eps-converted-to.pdf, id=106, 256.96pt x 270.00874
pt>
File: figs/adaptive-instance-norm-eps-converted-to.pdf Graphic file (type pdf)
<use figs/adaptive-instance-norm-eps-converted-to.pdf>
Package pdftex.def Info: figs/adaptive-instance-norm-eps-converted-to.pdf  used
 on input line 492.
(pdftex.def)             Requested size: 256.95937pt x 270.00807pt.
Package epstopdf Info: Source file: <figs/frechet-distance.eps>
(epstopdf)                    date: 2021-05-15 20:23:38
(epstopdf)                    size: 1090800 bytes
(epstopdf)             Output file: <figs/frechet-distance-eps-converted-to.pdf
>
(epstopdf)                    date: 2021-05-16 19:53:36
(epstopdf)                    size: 55546 bytes
(epstopdf)             Command: <epstopdf --outfile=figs/frechet-distance-eps-c
onverted-to.pdf figs/frechet-distance.eps>
(epstopdf)             \includegraphics on input line 500.
Package epstopdf Info: Output file is already uptodate.


pdfTeX warning: pdflatex (file ./figs/frechet-distance-eps-converted-to.pdf): P
DF inclusion: found PDF version <1.7>, but at most version <1.5> allowed
<figs/frechet-distance-eps-converted-to.pdf, id=107, 295.1025pt x 94.3525pt>
File: figs/frechet-distance-eps-converted-to.pdf Graphic file (type pdf)
<use figs/frechet-distance-eps-converted-to.pdf>
Package pdftex.def Info: figs/frechet-distance-eps-converted-to.pdf  used on in
put line 500.
(pdftex.def)             Requested size: 354.1212pt x 113.2224pt.

Underfull \vbox (badness 4181) has occurred while \output is active []

 [16 <./figs/adaptive-instance-norm-eps-converted-to.pdf> <./figs/frechet-dista
nce-eps-converted-to.pdf>]
Package epstopdf Info: Source file: <figs/noise.eps>
(epstopdf)                    date: 2021-05-16 08:57:01
(epstopdf)                    size: 1642411 bytes
(epstopdf)             Output file: <figs/noise-eps-converted-to.pdf>
(epstopdf)                    date: 2021-05-16 19:53:39
(epstopdf)                    size: 57036 bytes
(epstopdf)             Command: <epstopdf --outfile=figs/noise-eps-converted-to
.pdf figs/noise.eps>
(epstopdf)             \includegraphics on input line 550.
Package epstopdf Info: Output file is already uptodate.


pdfTeX warning: pdflatex (file ./figs/noise-eps-converted-to.pdf): PDF inclusio
n: found PDF version <1.7>, but at most version <1.5> allowed
<figs/noise-eps-converted-to.pdf, id=117, 724.7075pt x 374.39874pt>
File: figs/noise-eps-converted-to.pdf Graphic file (type pdf)
<use figs/noise-eps-converted-to.pdf>
Package pdftex.def Info: figs/noise-eps-converted-to.pdf  used on input line 55
0.
(pdftex.def)             Requested size: 362.35286pt x 187.19891pt.
Package epstopdf Info: Source file: <figs/stochastic-variation.eps>
(epstopdf)                    date: 2021-05-16 08:57:01
(epstopdf)                    size: 1650287 bytes
(epstopdf)             Output file: <figs/stochastic-variation-eps-converted-to
.pdf>
(epstopdf)                    date: 2021-05-16 19:53:42
(epstopdf)                    size: 103927 bytes
(epstopdf)             Command: <epstopdf --outfile=figs/stochastic-variation-e
ps-converted-to.pdf figs/stochastic-variation.eps>
(epstopdf)             \includegraphics on input line 558.
Package epstopdf Info: Output file is already uptodate.


pdfTeX warning: pdflatex (file ./figs/stochastic-variation-eps-converted-to.pdf
): PDF inclusion: found PDF version <1.7>, but at most version <1.5> allowed
<figs/stochastic-variation-eps-converted-to.pdf, id=118, 242.9075pt x 173.64874
pt>
File: figs/stochastic-variation-eps-converted-to.pdf Graphic file (type pdf)
<use figs/stochastic-variation-eps-converted-to.pdf>
Package pdftex.def Info: figs/stochastic-variation-eps-converted-to.pdf  used o
n input line 558.
(pdftex.def)             Requested size: 340.06816pt x 243.10657pt.
[17 <./figs/noise-eps-converted-to.pdf>]
Package epstopdf Info: Source file: <figs/water-droplets.eps>
(epstopdf)                    date: 2021-05-16 10:49:10
(epstopdf)                    size: 1319334 bytes
(epstopdf)             Output file: <figs/water-droplets-eps-converted-to.pdf>
(epstopdf)                    date: 2021-05-16 19:53:45
(epstopdf)                    size: 66258 bytes
(epstopdf)             Command: <epstopdf --outfile=figs/water-droplets-eps-con
verted-to.pdf figs/water-droplets.eps>
(epstopdf)             \includegraphics on input line 590.
Package epstopdf Info: Output file is already uptodate.


pdfTeX warning: pdflatex (file ./figs/water-droplets-eps-converted-to.pdf): PDF
 inclusion: found PDF version <1.7>, but at most version <1.5> allowed
<figs/water-droplets-eps-converted-to.pdf, id=125, 422.57875pt x 80.3pt>
File: figs/water-droplets-eps-converted-to.pdf Graphic file (type pdf)
<use figs/water-droplets-eps-converted-to.pdf>
Package pdftex.def Info: figs/water-droplets-eps-converted-to.pdf  used on inpu
t line 590.
(pdftex.def)             Requested size: 422.57771pt x 80.29979pt.
Package epstopdf Info: Source file: <figs/phase.eps>
(epstopdf)                    date: 2021-05-16 10:50:07
(epstopdf)                    size: 1215665 bytes
(epstopdf)             Output file: <figs/phase-eps-converted-to.pdf>
(epstopdf)                    date: 2021-05-16 19:53:47
(epstopdf)                    size: 82407 bytes
(epstopdf)             Command: <epstopdf --outfile=figs/phase-eps-converted-to
.pdf figs/phase.eps>
(epstopdf)             \includegraphics on input line 598.
Package epstopdf Info: Output file is already uptodate.


pdfTeX warning: pdflatex (file ./figs/phase-eps-converted-to.pdf): PDF inclusio
n: found PDF version <1.7>, but at most version <1.5> allowed
<figs/phase-eps-converted-to.pdf, id=126, 249.93375pt x 124.465pt>
File: figs/phase-eps-converted-to.pdf Graphic file (type pdf)
<use figs/phase-eps-converted-to.pdf>
Package pdftex.def Info: figs/phase-eps-converted-to.pdf  used on input line 59
8.
(pdftex.def)             Requested size: 299.91899pt x 149.35724pt.
Package epstopdf Info: Source file: <figs/stylegan2-scheme2.eps>
(epstopdf)                    date: 2021-05-16 10:58:05
(epstopdf)                    size: 3346247 bytes
(epstopdf)             Output file: <figs/stylegan2-scheme2-eps-converted-to.pd
f>
(epstopdf)                    date: 2021-05-16 19:53:52
(epstopdf)                    size: 191899 bytes
(epstopdf)             Command: <epstopdf --outfile=figs/stylegan2-scheme2-eps-
converted-to.pdf figs/stylegan2-scheme2.eps>
(epstopdf)             \includegraphics on input line 606.
Package epstopdf Info: Output file is already uptodate.


pdfTeX warning: pdflatex (file ./figs/stylegan2-scheme2-eps-converted-to.pdf): 
PDF inclusion: found PDF version <1.7>, but at most version <1.5> allowed
<figs/stylegan2-scheme2-eps-converted-to.pdf, id=127, 392.46625pt x 218.8175pt>

File: figs/stylegan2-scheme2-eps-converted-to.pdf Graphic file (type pdf)
<use figs/stylegan2-scheme2-eps-converted-to.pdf>
Package pdftex.def Info: figs/stylegan2-scheme2-eps-converted-to.pdf  used on i
nput line 606.
(pdftex.def)             Requested size: 392.46527pt x 218.81696pt.

Underfull \vbox (badness 10000) has occurred while \output is active []

 [18 <./figs/stochastic-variation-eps-converted-to.pdf>]
Underfull \vbox (badness 2205) has occurred while \output is active []

 [19 <./figs/water-droplets-eps-converted-to.pdf> <./figs/phase-eps-converted-t
o.pdf> <./figs/stylegan2-scheme2-eps-converted-to.pdf>]
Package epstopdf Info: Source file: <figs/changed-normalization.eps>
(epstopdf)                    date: 2021-05-16 11:11:58
(epstopdf)                    size: 2149397 bytes
(epstopdf)             Output file: <figs/changed-normalization-eps-converted-t
o.pdf>
(epstopdf)                    date: 2021-05-16 19:53:56
(epstopdf)                    size: 83132 bytes
(epstopdf)             Command: <epstopdf --outfile=figs/changed-normalization-
eps-converted-to.pdf figs/changed-normalization.eps>
(epstopdf)             \includegraphics on input line 619.
Package epstopdf Info: Output file is already uptodate.


pdfTeX warning: pdflatex (file ./figs/changed-normalization-eps-converted-to.pd
f): PDF inclusion: found PDF version <1.7>, but at most version <1.5> allowed
<figs/changed-normalization-eps-converted-to.pdf, id=147, 257.96375pt x 213.798
75pt>
File: figs/changed-normalization-eps-converted-to.pdf Graphic file (type pdf)
<use figs/changed-normalization-eps-converted-to.pdf>
Package pdftex.def Info: figs/changed-normalization-eps-converted-to.pdf  used 
on input line 619.
(pdftex.def)             Requested size: 335.35281pt x 277.93832pt.
[20 <./figs/changed-normalization-eps-converted-to.pdf>]
Package epstopdf Info: Source file: <figs/weight-demodulation.eps>
(epstopdf)                    date: 2021-05-16 11:11:58
(epstopdf)                    size: 2137510 bytes
(epstopdf)             Output file: <figs/weight-demodulation-eps-converted-to.
pdf>
(epstopdf)                    date: 2021-05-16 19:53:59
(epstopdf)                    size: 110711 bytes
(epstopdf)             Command: <epstopdf --outfile=figs/weight-demodulation-ep
s-converted-to.pdf figs/weight-demodulation.eps>
(epstopdf)             \includegraphics on input line 635.
Package epstopdf Info: Output file is already uptodate.


pdfTeX warning: pdflatex (file ./figs/weight-demodulation-eps-converted-to.pdf)
: PDF inclusion: found PDF version <1.7>, but at most version <1.5> allowed
<figs/weight-demodulation-eps-converted-to.pdf, id=154, 257.96375pt x 212.795pt
>
File: figs/weight-demodulation-eps-converted-to.pdf Graphic file (type pdf)
<use figs/weight-demodulation-eps-converted-to.pdf>
Package pdftex.def Info: figs/weight-demodulation-eps-converted-to.pdf  used on
 input line 635.
(pdftex.def)             Requested size: 335.35281pt x 276.63344pt.

Underfull \vbox (badness 1365) has occurred while \output is active []

 [21 <./figs/weight-demodulation-eps-converted-to.pdf>] [22]
Chapter 3.

Underfull \hbox (badness 10000) in paragraph at lines 710--711

 []


Underfull \vbox (badness 10000) has occurred while \output is active []

 [23

]
[24]
Chapter 4.
[25

]
Chapter 5.
[26

]
Chapter 6.
[27

] [28

] (praca.aux)

LaTeX Warning: There were multiply-defined labels.

 ) 
Here is how much of TeX's memory you used:
 6569 strings out of 479334
 97237 string characters out of 2857084
 408526 words of memory out of 3000000
 23875 multiletter control sequences out of 15000+200000
 423367 words of font info for 68 fonts, out of 3000000 for 9000
 1141 hyphenation exceptions out of 8191
 74i,9n,78p,1461b,238s stack positions out of 5000i,500n,10000p,200000b,50000s
 <C:\Users\admin\AppData\Local\MiKTeX\fonts/pk/ljfour/jknappen/ec/dpi600\tcrm
1200.pk> <C:\Users\admin\AppData\Local\MiKTeX\fonts/pk/ljfour/jknappen/ec/dpi60
0\ecti1200.pk> <C:\Users\admin\AppData\Local\MiKTeX\fonts/pk/ljfour/jknappen/ec
/dpi600\ecbx1440.pk> <C:\Users\admin\AppData\Local\MiKTeX\fonts/pk/ljfour/jknap
pen/ec/dpi600\ecbx1728.pk> <C:\Users\admin\AppData\Local\MiKTeX\fonts/pk/ljfour
/jknappen/ec/dpi600\ecrm1200.pk> <C:\Users\admin\AppData\Local\MiKTeX\fonts/pk/
ljfour/jknappen/ec/dpi600\ecbx1200.pk> <C:\Users\admin\AppData\Local\MiKTeX\fon
ts/pk/ljfour/jknappen/ec/dpi600\ecbx2488.pk> <C:\Users\admin\AppData\Local\MiKT
eX\fonts/pk/ljfour/jknappen/ec/dpi600\eccc1440.pk> <C:\Users\admin\AppData\Loca
l\MiKTeX\fonts/pk/ljfour/jknappen/ec/dpi600\ecrm1440.pk> <C:\Users\admin\AppDat
a\Local\MiKTeX\fonts/pk/ljfour/jknappen/ec/dpi600\ecxc1440.pk> <C:\Users\admin\
AppData\Local\MiKTeX\fonts/pk/ljfour/jknappen/ec/dpi600\ecrm1728.pk> <C:\Users\
admin\AppData\Local\MiKTeX\fonts/pk/ljfour/jknappen/ec/dpi600\eccc1728.pk> <C:\
Users\admin\AppData\Local\MiKTeX\fonts/pk/ljfour/jknappen/ec/dpi600\eccc2488.pk
><C:/Users/admin/AppData/Local/Programs/MiKTeX/fonts/type1/public/amsfonts/cm/c
mbx12.pfb><C:/Users/admin/AppData/Local/Programs/MiKTeX/fonts/type1/public/amsf
onts/cm/cmbx8.pfb><C:/Users/admin/AppData/Local/Programs/MiKTeX/fonts/type1/pub
lic/amsfonts/cm/cmex10.pfb><C:/Users/admin/AppData/Local/Programs/MiKTeX/fonts/
type1/public/amsfonts/cm/cmmi12.pfb><C:/Users/admin/AppData/Local/Programs/MiKT
eX/fonts/type1/public/amsfonts/cm/cmmi6.pfb><C:/Users/admin/AppData/Local/Progr
ams/MiKTeX/fonts/type1/public/amsfonts/cm/cmmi8.pfb><C:/Users/admin/AppData/Loc
al/Programs/MiKTeX/fonts/type1/public/amsfonts/cm/cmr12.pfb><C:/Users/admin/App
Data/Local/Programs/MiKTeX/fonts/type1/public/amsfonts/cm/cmr6.pfb><C:/Users/ad
min/AppData/Local/Programs/MiKTeX/fonts/type1/public/amsfonts/cm/cmr8.pfb><C:/U
sers/admin/AppData/Local/Programs/MiKTeX/fonts/type1/public/amsfonts/cm/cmsy10.
pfb><C:/Users/admin/AppData/Local/Programs/MiKTeX/fonts/type1/public/amsfonts/s
ymbols/msam10.pfb><C:/Users/admin/AppData/Local/Programs/MiKTeX/fonts/type1/pub
lic/amsfonts/symbols/msbm10.pfb>
Output written on praca.pdf (28 pages, 2663116 bytes).
PDF statistics:
 611 PDF objects out of 1000 (max. 8388607)
 0 named destinations out of 1000 (max. 500000)
 86 words of extra memory for PDF output out of 10000 (max. 10000000)

