\BOOKMARK [0][-]{chapter*.2}{\376\377\000I\000n\000t\000r\000o\000d\000u\000c\000t\000i\000o\000n}{}% 1
\BOOKMARK [0][-]{chapter.1}{\376\377\000T\000h\000e\000o\000r\000y}{}% 2
\BOOKMARK [1][-]{section.1.1}{\376\377\000G\000e\000n\000e\000r\000a\000t\000i\000v\000e\000\040\000A\000d\000v\000e\000r\000s\000a\000r\000i\000a\000l\000\040\000N\000e\000t\000w\000o\000r\000k\000s}{chapter.1}% 3
\BOOKMARK [2][-]{subsection.1.1.1}{\376\377\000O\000v\000e\000r\000v\000i\000e\000w}{section.1.1}% 4
\BOOKMARK [2][-]{subsection.1.1.2}{\376\377\000A\000r\000c\000h\000i\000t\000e\000c\000t\000u\000r\000e}{section.1.1}% 5
\BOOKMARK [1][-]{section.1.2}{\376\377\000C\000L\000I\000P\000\040\000m\000o\000d\000e\000l}{chapter.1}% 6
\BOOKMARK [2][-]{subsection.1.2.1}{\376\377\000O\000v\000e\000r\000v\000i\000e\000w}{section.1.2}% 7
\BOOKMARK [2][-]{subsection.1.2.2}{\376\377\000M\000e\000t\000h\000o\000d\000o\000l\000o\000g\000y}{section.1.2}% 8
\BOOKMARK [1][-]{section.1.3}{\376\377\000E\000v\000o\000l\000u\000t\000i\000o\000n\000a\000r\000y\000\040\000A\000l\000g\000o\000r\000i\000t\000h\000m\000s}{chapter.1}% 9
\BOOKMARK [2][-]{subsection.1.3.1}{\376\377\000G\000e\000n\000e\000t\000i\000c\000\040\000A\000l\000g\000o\000r\000i\000t\000h\000m}{section.1.3}% 10
\BOOKMARK [2][-]{subsection.1.3.2}{\376\377\000D\000i\000f\000f\000e\000r\000e\000n\000t\000i\000a\000l\000\040\000E\000v\000o\000l\000u\000t\000i\000o\000n}{section.1.3}% 11
\BOOKMARK [0][-]{chapter.2}{\376\377\000N\000o\000t\000a\000b\000l\000e\000\040\000a\000r\000c\000h\000i\000t\000e\000c\000t\000u\000r\000e\000s}{}% 12
\BOOKMARK [1][-]{section.2.1}{\376\377\000S\000t\000y\000l\000e\000G\000A\000N}{chapter.2}% 13
\BOOKMARK [2][-]{subsection.2.1.1}{\376\377\000A\000r\000c\000h\000i\000t\000e\000c\000t\000u\000r\000e\000\040\000o\000v\000e\000r\000v\000i\000e\000w}{section.2.1}% 14
\BOOKMARK [2][-]{subsection.2.1.2}{\376\377\000M\000a\000p\000p\000i\000n\000g\000\040\000n\000e\000t\000w\000o\000r\000k}{section.2.1}% 15
\BOOKMARK [2][-]{subsection.2.1.3}{\376\377\000A\000d\000a\000p\000t\000i\000v\000e\000\040\000I\000n\000s\000t\000a\000n\000c\000e\000\040\000N\000o\000r\000m\000a\000l\000i\000z\000a\000t\000i\000o\000n}{section.2.1}% 16
\BOOKMARK [2][-]{subsection.2.1.4}{\376\377\000S\000t\000y\000l\000e\000\040\000m\000i\000x\000i\000n\000g\000\040\000r\000e\000g\000u\000l\000a\000r\000i\000z\000a\000t\000i\000o\000n}{section.2.1}% 17
\BOOKMARK [1][-]{section.2.2}{\376\377\000S\000t\000y\000l\000e\000G\000A\000N\0002}{chapter.2}% 18
\BOOKMARK [2][-]{subsection.2.2.1}{\376\377\000A\000r\000c\000h\000i\000t\000e\000c\000t\000u\000r\000e\000\040\000o\000v\000e\000r\000v\000i\000e\000w}{section.2.2}% 19
\BOOKMARK [2][-]{subsection.2.2.2}{\376\377\000R\000e\000v\000i\000s\000i\000t\000i\000n\000g\000\040\000I\000n\000s\000t\000a\000n\000c\000e\000\040\000N\000o\000r\000m\000a\000l\000i\000z\000a\000t\000i\000o\000n}{section.2.2}% 20
\BOOKMARK [2][-]{subsection.2.2.3}{\376\377\000R\000e\000m\000o\000v\000i\000n\000g\000\040\000P\000r\000o\000g\000r\000e\000s\000s\000i\000v\000e\000\040\000G\000r\000o\000w\000i\000n\000g}{section.2.2}% 21
\BOOKMARK [1][-]{section.2.3}{\376\377\000B\000i\000g\000G\000A\000N}{chapter.2}% 22
\BOOKMARK [0][-]{chapter.3}{\376\377\000F\000r\000a\000m\000e\000w\000o\000r\000k\000\040\000d\000e\000s\000c\000r\000i\000p\000t\000i\000o\000n}{}% 23
\BOOKMARK [1][-]{section.3.1}{\376\377\000C\000u\000r\000r\000e\000n\000t\000\040\000d\000e\000v\000e\000l\000o\000p\000m\000e\000n\000t\000s}{chapter.3}% 24
\BOOKMARK [1][-]{section.3.2}{\376\377\000O\000v\000e\000r\000v\000i\000e\000w}{chapter.3}% 25
\BOOKMARK [0][-]{chapter.4}{\376\377\000E\000x\000p\000e\000r\000i\000m\000e\000n\000t\000s}{}% 26
\BOOKMARK [1][-]{section.4.1}{\376\377\000E\000x\000a\000m\000p\000l\000e\000s\000\040\000a\000n\000d\000\040\000o\000b\000s\000e\000r\000v\000a\000t\000i\000o\000n\000s}{chapter.4}% 27
\BOOKMARK [1][-]{section.4.2}{\376\377\000G\000e\000n\000e\000t\000i\000c\000\040\000A\000l\000g\000o\000r\000i\000t\000h\000m\000\040\000a\000n\000d\000\040\000D\000i\000f\000f\000e\000r\000e\000n\000t\000i\000a\000l\000\040\000E\000v\000o\000l\000u\000t\000i\000o\000n}{chapter.4}% 28
\BOOKMARK [0][-]{chapter.5}{\376\377\000E\000v\000a\000l\000u\000a\000t\000i\000o\000n}{}% 29
\BOOKMARK [1][-]{section.5.1}{\376\377\000C\000I\000F\000A\000R\0001\0000}{chapter.5}% 30
\BOOKMARK [1][-]{section.5.2}{\376\377\000I\000m\000a\000g\000e\000N\000e\000t}{chapter.5}% 31
\BOOKMARK [0][-]{chapter.6}{\376\377\000S\000u\000m\000m\000a\000r\000y}{}% 32
\BOOKMARK [0][-]{chapter.7}{\376\377\000A\000p\000p\000e\000n\000d\000i\000x\000\040\0001}{}% 33
\BOOKMARK [0][-]{chapter.8}{\376\377\000A\000p\000p\000e\000n\000d\000i\000x\000\040\0002}{}% 34
\BOOKMARK [0][-]{chapter*.63}{\376\377\000C\000i\000t\000a\000t\000i\000o\000n}{}% 35
